<?xml version="1.0" encoding="UTF-8"?>
<testsuite name="inheritance.LibraryTest" tests="1" skipped="0" failures="0" errors="0" timestamp="2021-07-05T22:13:29" hostname="STDLTUC-L150" time="0.005">
  <properties/>
  <testcase name="TestAddReviewRes" classname="inheritance.LibraryTest" time="0.005"/>
  <system-out><![CDATA[]]></system-out>
  <system-err><![CDATA[]]></system-err>
</testsuite>
